<?xml version="1.0" encoding="UTF-8"?>
<!-- Generated by org.testng.reporters.JUnitReportReporter -->
<testsuite skipped="0" hostname="asda1713po02529" name="com.qainfotech.tap.training.resourceio.PropertiesOptionsIOTest" tests="2" failures="0" timestamp="03 Jul 2017 06:33:11 GMT" time="0.008" errors="0">
  <testcase name="addOptionShouldMethodShouldAppendPropertiesFileWithNewProperty" time="0.008" classname="com.qainfotech.tap.training.resourceio.PropertiesOptionsIOTest"/>
  <testcase name="getOptionValueMethodShouldReturnOptionValuesFromPropertiesFile" time="0.000" classname="com.qainfotech.tap.training.resourceio.PropertiesOptionsIOTest"/>
</testsuite> <!-- com.qainfotech.tap.training.resourceio.PropertiesOptionsIOTest -->
